Using pre-set license
Built from '2022.1/staging' branch; Version is '2022.1.6f1 (e49a51cf6290) revision 14981713'; Using compiler version '192829333'; Build Type 'Release'
OS: 'Windows 11  (10.0.22000) 64bit Core' Language: 'fr' Physical Memory: 16335 MB
BatchMode: 1, IsHumanControllingUs: 0, StartBugReporterOnCrash: 0, Is64bit: 1, IsPro: 1

COMMAND LINE ARGUMENTS:
C:\Program Files\Unity\Hub\Editor\2022.1.6f1\Editor\Unity.exe
-adb2
-batchMode
-noUpm
-name
AssetImportWorker2
-projectPath
C:/Users/lacos/Desktop/The Alchemist
-logFile
Logs/AssetImportWorker2.log
-srvPort
53100
Successfully changed project path to: C:/Users/lacos/Desktop/The Alchemist
C:/Users/lacos/Desktop/The Alchemist
[UnityMemory] Configuration Parameters - Can be set up in boot.config
    "memorysetup-bucket-allocator-granularity=16"
    "memorysetup-bucket-allocator-bucket-count=8"
    "memorysetup-bucket-allocator-block-size=33554432"
    "memorysetup-bucket-allocator-block-count=8"
    "memorysetup-main-allocator-block-size=16777216"
    "memorysetup-thread-allocator-block-size=16777216"
    "memorysetup-gfx-main-allocator-block-size=16777216"
    "memorysetup-gfx-thread-allocator-block-size=16777216"
    "memorysetup-cache-allocator-block-size=4194304"
    "memorysetup-typetree-allocator-block-size=2097152"
    "memorysetup-profiler-bucket-allocator-granularity=16"
    "memorysetup-profiler-bucket-allocator-bucket-count=8"
    "memorysetup-profiler-bucket-allocator-block-size=33554432"
    "memorysetup-profiler-bucket-allocator-block-count=8"
    "memorysetup-profiler-allocator-block-size=16777216"
    "memorysetup-profiler-editor-allocator-block-size=1048576"
    "memorysetup-temp-allocator-size-main=16777216"
    "memorysetup-job-temp-allocator-block-size=2097152"
    "memorysetup-job-temp-allocator-block-size-background=1048576"
    "memorysetup-job-temp-allocator-reduction-small-platforms=262144"
    "memorysetup-temp-allocator-size-background-worker=32768"
    "memorysetup-temp-allocator-size-job-worker=262144"
    "memorysetup-temp-allocator-size-preload-manager=33554432"
    "memorysetup-temp-allocator-size-nav-mesh-worker=65536"
    "memorysetup-temp-allocator-size-audio-worker=65536"
    "memorysetup-temp-allocator-size-cloud-worker=32768"
    "memorysetup-temp-allocator-size-gi-baking-worker=262144"
    "memorysetup-temp-allocator-size-gfx=262144"
Refreshing native plugins compatible for Editor in 41.35 ms, found 2 plugins.
Preloading 0 native plugins for Editor in 0.00 ms.
Initialize engine version: 2022.1.6f1 (e49a51cf6290)
[Subsystems] Discovering subsystems at path C:/Program Files/Unity/Hub/Editor/2022.1.6f1/Editor/Data/Resources/UnitySubsystems
[Subsystems] Discovering subsystems at path C:/Users/lacos/Desktop/The Alchemist/Assets
GfxDevice: creating device client; threaded=0; jobified=0
Direct3D:
    Version:  Direct3D 11.0 [level 11.1]
    Renderer: NVIDIA GeForce GTX 1660 (ID=0x2184)
    Vendor:   NVIDIA
    VRAM:     5992 MB
    Driver:   31.0.15.1640
Initialize mono
Mono path[0] = 'C:/Program Files/Unity/Hub/Editor/2022.1.6f1/Editor/Data/Managed'
Mono path[1] = 'C:/Program Files/Unity/Hub/Editor/2022.1.6f1/Editor/Data/MonoBleedingEdge/lib/mono/unityjit-win32'
Mono config path = 'C:/Program Files/Unity/Hub/Editor/2022.1.6f1/Editor/Data/MonoBleedingEdge/etc'
Using monoOptions --debugger-agent=transport=dt_socket,embedding=1,server=y,suspend=n,address=127.0.0.1:56516
Begin MonoManager ReloadAssembly
Registering precompiled unity dll's ...
Register platform support module: C:/Program Files/Unity/Hub/Editor/2022.1.6f1/Editor/Data/PlaybackEngines/WindowsStandaloneSupport/UnityEditor.WindowsStandalone.Extensions.dll
Registered in 0.006431 seconds.
Native extension for WindowsStandalone target not found
Refreshing native plugins compatible for Editor in 43.85 ms, found 2 plugins.
Preloading 0 native plugins for Editor in 0.00 ms.
Mono: successfully reloaded assembly
- Completed reload, in  0.595 seconds
Domain Reload Profiling:
	ReloadAssembly (595ms)
		BeginReloadAssembly (75ms)
			ExecutionOrderSort (0ms)
			DisableScriptedObjects (0ms)
			BackupInstance (0ms)
			ReleaseScriptingObjects (0ms)
			CreateAndSetChildDomain (1ms)
		EndReloadAssembly (410ms)
			LoadAssemblies (73ms)
			RebuildTransferFunctionScriptingTraits (0ms)
			SetupTypeCache (110ms)
				TypeCache.Initialize (110ms)
					TypeCache.ScanAssembly (108ms)
				ResolveRequiredComponents (0ms)
			ReleaseScriptCaches (0ms)
			RebuildScriptCaches (28ms)
			SetupLoadedEditorAssemblies (217ms)
				LogAssemblyErrors (0ms)
				InitializePlatformSupportModulesInManaged (7ms)
				SetLoadedEditorAssemblies (7ms)
				RefreshPlugins (44ms)
				BeforeProcessingInitializeOnLoad (1ms)
				ProcessInitializeOnLoadAttributes (120ms)
				ProcessInitializeOnLoadMethodAttributes (38ms)
				AfterProcessingInitializeOnLoad (0ms)
				EditorAssembliesLoaded (0ms)
			ExecutionOrderSort2 (0ms)
			AwakeInstancesAfterBackupRestoration (0ms)
Platform modules already initialized, skipping
Registering precompiled user dll's ...
Registered in 0.004688 seconds.
Begin MonoManager ReloadAssembly
Native extension for WindowsStandalone target not found
Refreshing native plugins compatible for Editor in 38.46 ms, found 2 plugins.
Preloading 0 native plugins for Editor in 0.00 ms.
Mono: successfully reloaded assembly
- Completed reload, in  1.085 seconds
Domain Reload Profiling:
	ReloadAssembly (1086ms)
		BeginReloadAssembly (125ms)
			ExecutionOrderSort (0ms)
			DisableScriptedObjects (7ms)
			BackupInstance (0ms)
			ReleaseScriptingObjects (0ms)
			CreateAndSetChildDomain (23ms)
		EndReloadAssembly (800ms)
			LoadAssemblies (83ms)
			RebuildTransferFunctionScriptingTraits (0ms)
			SetupTypeCache (259ms)
				TypeCache.Initialize (256ms)
					TypeCache.ScanAssembly (251ms)
				ResolveRequiredComponents (4ms)
			ReleaseScriptCaches (0ms)
			RebuildScriptCaches (43ms)
			SetupLoadedEditorAssemblies (382ms)
				LogAssemblyErrors (0ms)
				InitializePlatformSupportModulesInManaged (3ms)
				SetLoadedEditorAssemblies (5ms)
				RefreshPlugins (39ms)
				BeforeProcessingInitializeOnLoad (50ms)
				ProcessInitializeOnLoadAttributes (259ms)
				ProcessInitializeOnLoadMethodAttributes (19ms)
				AfterProcessingInitializeOnLoad (6ms)
				EditorAssembliesLoaded (0ms)
			ExecutionOrderSort2 (0ms)
			AwakeInstancesAfterBackupRestoration (5ms)
Platform modules already initialized, skipping
========================================================================
Worker process is ready to serve import requests
Launched and connected shader compiler UnityShaderCompiler.exe after 0.26 seconds
Refreshing native plugins compatible for Editor in 0.84 ms, found 2 plugins.
Preloading 0 native plugins for Editor in 0.00 ms.
Unloading 2029 Unused Serialized files (Serialized files now loaded: 0)
Unloading 55 unused Assets / (1.6 MB). Loaded Objects now: 2528.
Memory consumption went from 360.0 MB to 358.5 MB.
Total: 4.848000 ms (FindLiveObjects: 0.405800 ms CreateObjectMapping: 0.077400 ms MarkObjects: 3.464600 ms  DeleteObjects: 0.898800 ms)

AssetImportParameters requested are different than current active one (requested -> active):
  custom:video-decoder-ogg-theora: a1e56fd34408186e4bbccfd4996cb3dc -> 
  custom:container-muxer-webm: aa71ff27fc2769a1b78a27578f13a17b -> 
  custom:container-demuxer-webm: 4f35f7cbe854078d1ac9338744f61a02 -> 
  custom:video-encoder-webm-vp8: eb34c28f22e8b96e1ab97ce403110664 -> 
  custom:audio-encoder-webm-vorbis: bf7c407c2cedff20999df2af8eb42d56 -> 
  custom:framework-win-MediaFoundation: 216162199b28c13a410421893ffa2e32 -> 
  custom:container-demuxer-ogg: 62fdf1f143b41e24485cea50d1cbac27 -> 
  custom:video-decoder-webm-vp8: 9c59270c3fd7afecdb556c50c9e8de78 -> 
  custom:audio-decoder-ogg-vorbis: bf7c407c2cedff20999df2af8eb42d56 -> 
========================================================================
Received Import Request.
  Time since last request: 47179.114459 seconds.
  path: Assets/LowlyPoly/Free Stylized Textures/Textures/Vol_100_1_Pixel_Roughness.png
  artifactKey: Guid(cf409b0b820307c47bcb38a890a217e1) Importer(815301076,1909f56bfc062723c751e8b465ee728b)
Start importing Assets/LowlyPoly/Free Stylized Textures/Textures/Vol_100_1_Pixel_Roughness.png using Guid(cf409b0b820307c47bcb38a890a217e1) Importer(815301076,1909f56bfc062723c751e8b465ee728b)  -> (artifact id: '39f109209a2b2dd932d59bf4db482b4c') in 0.198271 seconds 
========================================================================
Received Import Request.
  Time since last request: 0.000017 seconds.
  path: Assets/LowlyPoly/Free Stylized Textures/Textures/Vol_81_3_Sci-fi_Roughness.png
  artifactKey: Guid(885ec0940aa26d64281f9cf895aabf73) Importer(815301076,1909f56bfc062723c751e8b465ee728b)
Start importing Assets/LowlyPoly/Free Stylized Textures/Textures/Vol_81_3_Sci-fi_Roughness.png using Guid(885ec0940aa26d64281f9cf895aabf73) Importer(815301076,1909f56bfc062723c751e8b465ee728b)  -> (artifact id: '7c7b40c0a8c07e67f1bf081c819c163e') in 0.340873 seconds 
========================================================================
Received Import Request.
  Time since last request: 0.074464 seconds.
  path: Assets/LowlyPoly/Free Stylized Textures/Textures/Vol_81_3_Sci-fi_Height.png
  artifactKey: Guid(a53d26cb079623f4bbff881e769164c7) Importer(815301076,1909f56bfc062723c751e8b465ee728b)
Start importing Assets/LowlyPoly/Free Stylized Textures/Textures/Vol_81_3_Sci-fi_Height.png using Guid(a53d26cb079623f4bbff881e769164c7) Importer(815301076,1909f56bfc062723c751e8b465ee728b)  -> (artifact id: '79bf34155df4698f7b1cf83ce377efff') in 0.109184 seconds 
========================================================================
Received Import Request.
  Time since last request: 0.017450 seconds.
  path: Assets/BrokenVector/LowPolyRockPack/Textures/Colorsheet Rock Sand.png
  artifactKey: Guid(dd4ddf430e155f54cb27867f5a466c16) Importer(815301076,1909f56bfc062723c751e8b465ee728b)
Start importing Assets/BrokenVector/LowPolyRockPack/Textures/Colorsheet Rock Sand.png using Guid(dd4ddf430e155f54cb27867f5a466c16) Importer(815301076,1909f56bfc062723c751e8b465ee728b)  -> (artifact id: 'b9d9684dfcf3cda4a0a9024f100d6834') in 0.009131 seconds 
========================================================================
Received Import Request.
  Time since last request: 0.015258 seconds.
  path: Assets/Samples/Terrain Tools/0.1.0-preview/Terrain Assets/BrushTextures/cracked_earth01.tif
  artifactKey: Guid(fc6089e3bffbdc9489980dbed57a64f6) Importer(815301076,1909f56bfc062723c751e8b465ee728b)
Start importing Assets/Samples/Terrain Tools/0.1.0-preview/Terrain Assets/BrushTextures/cracked_earth01.tif using Guid(fc6089e3bffbdc9489980dbed57a64f6) Importer(815301076,1909f56bfc062723c751e8b465ee728b)  -> (artifact id: '34db2d8d64282c2a0be2ccb46b0d1328') in 0.011605 seconds 
========================================================================
Received Import Request.
  Time since last request: 0.033482 seconds.
  path: Assets/Samples/Terrain Tools/0.1.0-preview/Terrain Assets/BrushTextures/cracked_earth02.tif
  artifactKey: Guid(ce389a44803b703498159190bc7d48af) Importer(815301076,1909f56bfc062723c751e8b465ee728b)
Start importing Assets/Samples/Terrain Tools/0.1.0-preview/Terrain Assets/BrushTextures/cracked_earth02.tif using Guid(ce389a44803b703498159190bc7d48af) Importer(815301076,1909f56bfc062723c751e8b465ee728b)  -> (artifact id: '67e92fcbfbf9f3bc89be0a9378204ae4') in 0.068748 seconds 
========================================================================
Received Import Request.
  Time since last request: 0.001881 seconds.
  path: Assets/Samples/Terrain Tools/0.1.0-preview/Terrain Assets/TerrainTextures/dirt_mask.tif
  artifactKey: Guid(3c6d7b80bcc59ae448166eacd4ad79b0) Importer(815301076,1909f56bfc062723c751e8b465ee728b)
Start importing Assets/Samples/Terrain Tools/0.1.0-preview/Terrain Assets/TerrainTextures/dirt_mask.tif using Guid(3c6d7b80bcc59ae448166eacd4ad79b0) Importer(815301076,1909f56bfc062723c751e8b465ee728b)  -> (artifact id: '29ee55a3a7fae9d9a9de0f0015122fad') in 0.031773 seconds 
========================================================================
Received Import Request.
  Time since last request: 0.024156 seconds.
  path: Assets/Samples/Terrain Tools/0.1.0-preview/Terrain Assets/BrushTextures/errosion01.tif
  artifactKey: Guid(228af47692a8c7c49b93049646ac6c46) Importer(815301076,1909f56bfc062723c751e8b465ee728b)
Start importing Assets/Samples/Terrain Tools/0.1.0-preview/Terrain Assets/BrushTextures/errosion01.tif using Guid(228af47692a8c7c49b93049646ac6c46) Importer(815301076,1909f56bfc062723c751e8b465ee728b)  -> (artifact id: '39feeb5edbabac9446093dcb07163378') in 0.288211 seconds 
========================================================================
Received Import Request.
  Time since last request: 0.218111 seconds.
  path: Assets/Samples/Terrain Tools/0.1.0-preview/Terrain Assets/BrushTextures/flat_mountain01.tif
  artifactKey: Guid(d2a704d1b2d8ad948aab36a028a684b5) Importer(815301076,1909f56bfc062723c751e8b465ee728b)
Start importing Assets/Samples/Terrain Tools/0.1.0-preview/Terrain Assets/BrushTextures/flat_mountain01.tif using Guid(d2a704d1b2d8ad948aab36a028a684b5) Importer(815301076,1909f56bfc062723c751e8b465ee728b)  -> (artifact id: '39a290f6a834f09e0c5e8ebcb51a7d15') in 0.208438 seconds 
========================================================================
Received Import Request.
  Time since last request: 0.583579 seconds.
  path: Assets/BrokenVector/LowPolyRockPack/Textures/Colorsheet Rock Grey.png
  artifactKey: Guid(6eb1476b439514548903a089becbf46a) Importer(815301076,1909f56bfc062723c751e8b465ee728b)
Start importing Assets/BrokenVector/LowPolyRockPack/Textures/Colorsheet Rock Grey.png using Guid(6eb1476b439514548903a089becbf46a) Importer(815301076,1909f56bfc062723c751e8b465ee728b)  -> (artifact id: 'bb7f7388f915da6a560ce5c1eb24bfa4') in 0.009841 seconds 
========================================================================
Received Import Request.
  Time since last request: 0.018671 seconds.
  path: Assets/Samples/Terrain Tools/0.1.0-preview/Terrain Assets/BrushTextures/canyon01.tif
  artifactKey: Guid(903360ef543b50449ae74931c4fddc2c) Importer(815301076,1909f56bfc062723c751e8b465ee728b)
Start importing Assets/Samples/Terrain Tools/0.1.0-preview/Terrain Assets/BrushTextures/canyon01.tif using Guid(903360ef543b50449ae74931c4fddc2c) Importer(815301076,1909f56bfc062723c751e8b465ee728b)  -> (artifact id: 'ce489e7f6d592c3095ef50100bbf513d') in 0.010015 seconds 
========================================================================
Received Import Request.
  Time since last request: 0.091478 seconds.
  path: Assets/Samples/Terrain Tools/0.1.0-preview/Terrain Assets/BrushTextures/canyon02.tif
  artifactKey: Guid(4fe4d3241d435594b82a72af96e4052d) Importer(815301076,1909f56bfc062723c751e8b465ee728b)
Start importing Assets/Samples/Terrain Tools/0.1.0-preview/Terrain Assets/BrushTextures/canyon02.tif using Guid(4fe4d3241d435594b82a72af96e4052d) Importer(815301076,1909f56bfc062723c751e8b465ee728b)  -> (artifact id: '88a3c835b3f797c87f2165acc0a8b3bc') in 0.074043 seconds 
========================================================================
Received Import Request.
  Time since last request: 0.003524 seconds.
  path: Assets/Samples/Terrain Tools/0.1.0-preview/Terrain Assets/BrushTextures/canyon03.tif
  artifactKey: Guid(00e07f21ff32c094ea64f6753fb3b542) Importer(815301076,1909f56bfc062723c751e8b465ee728b)
Start importing Assets/Samples/Terrain Tools/0.1.0-preview/Terrain Assets/BrushTextures/canyon03.tif using Guid(00e07f21ff32c094ea64f6753fb3b542) Importer(815301076,1909f56bfc062723c751e8b465ee728b)  -> (artifact id: 'ac6b955fb32ab59529659432bd8fb4ac') in 0.086775 seconds 
========================================================================
Received Import Request.
  Time since last request: 0.018481 seconds.
  path: Assets/Samples/Terrain Tools/0.1.0-preview/Terrain Assets/BrushTextures/canyon04.tif
  artifactKey: Guid(fd3a283142a57bd4aa8029f5e0705fc5) Importer(815301076,1909f56bfc062723c751e8b465ee728b)
Start importing Assets/Samples/Terrain Tools/0.1.0-preview/Terrain Assets/BrushTextures/canyon04.tif using Guid(fd3a283142a57bd4aa8029f5e0705fc5) Importer(815301076,1909f56bfc062723c751e8b465ee728b)  -> (artifact id: '4bca14fe7fae0d14e84275fc0d399305') in 0.276663 seconds 
========================================================================
Received Import Request.
  Time since last request: 0.092868 seconds.
  path: Assets/Samples/Terrain Tools/0.1.0-preview/Terrain Assets/BrushTextures/clouds.tif
  artifactKey: Guid(791ebe8a3d329b34ca7dc4616ec3cd34) Importer(815301076,1909f56bfc062723c751e8b465ee728b)
Start importing Assets/Samples/Terrain Tools/0.1.0-preview/Terrain Assets/BrushTextures/clouds.tif using Guid(791ebe8a3d329b34ca7dc4616ec3cd34) Importer(815301076,1909f56bfc062723c751e8b465ee728b)  -> (artifact id: '64fa3ec42cca278cc458570b1fa2219a') in 0.013202 seconds 
========================================================================
Received Import Request.
  Time since last request: 0.001046 seconds.
  path: Assets/BrokenVector/LowPolyRockPack/Textures/Colorsheet Rock Green.png
  artifactKey: Guid(261daef070ff0384db9965e419ec9f35) Importer(815301076,1909f56bfc062723c751e8b465ee728b)
Start importing Assets/BrokenVector/LowPolyRockPack/Textures/Colorsheet Rock Green.png using Guid(261daef070ff0384db9965e419ec9f35) Importer(815301076,1909f56bfc062723c751e8b465ee728b)  -> (artifact id: '433046421bc98184fb8fcbfd320f94c4') in 0.088244 seconds 
========================================================================
Received Import Request.
  Time since last request: 12.310826 seconds.
  path: Assets/Sprites/Heart.png
  artifactKey: Guid(9a8e023b5e66b0d478386a07d1627765) Importer(815301076,1909f56bfc062723c751e8b465ee728b)
Start importing Assets/Sprites/Heart.png using Guid(9a8e023b5e66b0d478386a07d1627765) Importer(815301076,1909f56bfc062723c751e8b465ee728b)  -> (artifact id: '409bb7734efc0a20b54f6d0d3d913473') in 0.057164 seconds 
========================================================================
Received Import Request.
  Time since last request: 53.374063 seconds.
  path: Assets/Sprites/logo trouvé sur internet qui vient de fullmetal alchemist.jpg
  artifactKey: Guid(7baffb03cb845e94f9705437d22bbf9c) Importer(815301076,1909f56bfc062723c751e8b465ee728b)
Start importing Assets/Sprites/logo trouvé sur internet qui vient de fullmetal alchemist.jpg using Guid(7baffb03cb845e94f9705437d22bbf9c) Importer(815301076,1909f56bfc062723c751e8b465ee728b)  -> (artifact id: 'a969da4ada5e0fbd296fe159fb9ccadb') in 0.024946 seconds 
========================================================================
Received Import Request.
  Time since last request: 6.141398 seconds.
  path: Assets/LowlyPoly/Free Stylized Textures/Textures/Vol_79_5_Sci-fi_Ambient_Occlusion.png
  artifactKey: Guid(f5d7eb09ca80c5942b6f60a5e3b8e6cd) Importer(815301076,1909f56bfc062723c751e8b465ee728b)
Start importing Assets/LowlyPoly/Free Stylized Textures/Textures/Vol_79_5_Sci-fi_Ambient_Occlusion.png using Guid(f5d7eb09ca80c5942b6f60a5e3b8e6cd) Importer(815301076,1909f56bfc062723c751e8b465ee728b)  -> (artifact id: '6366dfeaab5ae6aca7bc63c3a09e82e8') in 0.066760 seconds 
========================================================================
Received Import Request.
  Time since last request: 0.105536 seconds.
  path: Assets/LowlyPoly/Free Stylized Textures/Textures/Vol_49_5_Rocks_Ambient_Occlusion.png
  artifactKey: Guid(49a081721f60c6a44bcae188078bd036) Importer(815301076,1909f56bfc062723c751e8b465ee728b)
Start importing Assets/LowlyPoly/Free Stylized Textures/Textures/Vol_49_5_Rocks_Ambient_Occlusion.png using Guid(49a081721f60c6a44bcae188078bd036) Importer(815301076,1909f56bfc062723c751e8b465ee728b)  -> (artifact id: 'bb747e5dcf069040d220c26006f07a5a') in 0.105029 seconds 
========================================================================
Received Import Request.
  Time since last request: 0.107552 seconds.
  path: Assets/LowlyPoly/Free Stylized Textures/Textures/Vol_49_5_Rocks_Height.png
  artifactKey: Guid(fb53d5a0d6094924abc1d41f07f78d23) Importer(815301076,1909f56bfc062723c751e8b465ee728b)
Start importing Assets/LowlyPoly/Free Stylized Textures/Textures/Vol_49_5_Rocks_Height.png using Guid(fb53d5a0d6094924abc1d41f07f78d23) Importer(815301076,1909f56bfc062723c751e8b465ee728b)  -> (artifact id: '8fff6624fd8b8120b9bce813cab10624') in 0.128568 seconds 
========================================================================
Received Import Request.
  Time since last request: 0.228228 seconds.
  path: Assets/LowlyPoly/Free Stylized Textures/Textures/Vol_49_5_Rocks_Roughness.png
  artifactKey: Guid(4b087c98e8296f740a51633c37bccfb1) Importer(815301076,1909f56bfc062723c751e8b465ee728b)
Start importing Assets/LowlyPoly/Free Stylized Textures/Textures/Vol_49_5_Rocks_Roughness.png using Guid(4b087c98e8296f740a51633c37bccfb1) Importer(815301076,1909f56bfc062723c751e8b465ee728b)  -> (artifact id: 'dd0e043e4fd3e62b114dbecb86c59a58') in 0.058874 seconds 
========================================================================
Received Import Request.
  Time since last request: 0.007275 seconds.
  path: Assets/LowlyPoly/Free Stylized Textures/Textures/Vol_58_1_Surface_Ambient_Occlusion.png
  artifactKey: Guid(57ab2c32017637448966a5c46ecf7d40) Importer(815301076,1909f56bfc062723c751e8b465ee728b)
Start importing Assets/LowlyPoly/Free Stylized Textures/Textures/Vol_58_1_Surface_Ambient_Occlusion.png using Guid(57ab2c32017637448966a5c46ecf7d40) Importer(815301076,1909f56bfc062723c751e8b465ee728b)  -> (artifact id: 'e8f85f3d8315ae13c79adaf04adb4f09') in 0.207644 seconds 
========================================================================
Received Import Request.
  Time since last request: 0.000020 seconds.
  path: Assets/LowlyPoly/Free Stylized Textures/Textures/Vol_58_1_Surface_Height.png
  artifactKey: Guid(ffd07a53ce00d2d48beb5b77432d053c) Importer(815301076,1909f56bfc062723c751e8b465ee728b)
Start importing Assets/LowlyPoly/Free Stylized Textures/Textures/Vol_58_1_Surface_Height.png using Guid(ffd07a53ce00d2d48beb5b77432d053c) Importer(815301076,1909f56bfc062723c751e8b465ee728b)  -> (artifact id: 'b1c56819f3f305ec455b36edd517d8e2') in 0.139330 seconds 
========================================================================
Received Import Request.
  Time since last request: 6.220427 seconds.
  path: Assets/FantasyEnvironments/Environments/Textures/ground_grass.tga
  artifactKey: Guid(aab4ce53d0c651344a601f5344c53a32) Importer(815301076,1909f56bfc062723c751e8b465ee728b)
Start importing Assets/FantasyEnvironments/Environments/Textures/ground_grass.tga using Guid(aab4ce53d0c651344a601f5344c53a32) Importer(815301076,1909f56bfc062723c751e8b465ee728b)  -> (artifact id: 'ad11909c6e636459f5de7eb4b406a549') in 0.016151 seconds 
========================================================================
Received Import Request.
  Time since last request: 0.509200 seconds.
  path: Assets/Samples/Terrain Tools/0.1.0-preview/Terrain Assets/BrushTextures/island01.tif
  artifactKey: Guid(043a3cc82df9fb94aba4f90d2009efc7) Importer(815301076,1909f56bfc062723c751e8b465ee728b)
Start importing Assets/Samples/Terrain Tools/0.1.0-preview/Terrain Assets/BrushTextures/island01.tif using Guid(043a3cc82df9fb94aba4f90d2009efc7) Importer(815301076,1909f56bfc062723c751e8b465ee728b)  -> (artifact id: 'f79585d05bf779b2beb1349b480f51f2') in 0.053465 seconds 
========================================================================
Received Import Request.
  Time since last request: 0.038418 seconds.
  path: Assets/Samples/Terrain Tools/0.1.0-preview/Terrain Assets/TerrainTextures/moss_albedo.tif
  artifactKey: Guid(43b54d39e0a4c4d47bef645abec127f1) Importer(815301076,1909f56bfc062723c751e8b465ee728b)
Start importing Assets/Samples/Terrain Tools/0.1.0-preview/Terrain Assets/TerrainTextures/moss_albedo.tif using Guid(43b54d39e0a4c4d47bef645abec127f1) Importer(815301076,1909f56bfc062723c751e8b465ee728b)  -> (artifact id: 'aa83469354c50e9c06f424b03285737b') in 0.022093 seconds 
========================================================================
Received Import Request.
  Time since last request: 1.286315 seconds.
  path: Assets/Samples/Terrain Tools/0.1.0-preview/Terrain Assets/TerrainTextures/moss_mask.tif
  artifactKey: Guid(ff77b812a1621e74694371cb173618ef) Importer(815301076,1909f56bfc062723c751e8b465ee728b)
Start importing Assets/Samples/Terrain Tools/0.1.0-preview/Terrain Assets/TerrainTextures/moss_mask.tif using Guid(ff77b812a1621e74694371cb173618ef) Importer(815301076,1909f56bfc062723c751e8b465ee728b)  -> (artifact id: 'e73c5d96debaf2cee445987f1c375914') in 0.063589 seconds 
========================================================================
Received Prepare
Refreshing native plugins compatible for Editor in 2.80 ms, found 2 plugins.
Preloading 0 native plugins for Editor in 0.00 ms.
Unloading 26 Unused Serialized files (Serialized files now loaded: 0)
Unloading 27 unused Assets / (1.6 MB). Loaded Objects now: 2537.
Memory consumption went from 90.2 MB to 88.7 MB.
Total: 4.038200 ms (FindLiveObjects: 0.208700 ms CreateObjectMapping: 0.049100 ms MarkObjects: 3.298700 ms  DeleteObjects: 0.480500 ms)

AssetImportParameters requested are different than current active one (requested -> active):
  custom:video-decoder-ogg-theora: a1e56fd34408186e4bbccfd4996cb3dc -> 
  custom:container-muxer-webm: aa71ff27fc2769a1b78a27578f13a17b -> 
  custom:container-demuxer-webm: 4f35f7cbe854078d1ac9338744f61a02 -> 
  custom:video-encoder-webm-vp8: eb34c28f22e8b96e1ab97ce403110664 -> 
  custom:audio-encoder-webm-vorbis: bf7c407c2cedff20999df2af8eb42d56 -> 
  custom:framework-win-MediaFoundation: 216162199b28c13a410421893ffa2e32 -> 
  custom:container-demuxer-ogg: 62fdf1f143b41e24485cea50d1cbac27 -> 
  custom:video-decoder-webm-vp8: 9c59270c3fd7afecdb556c50c9e8de78 -> 
  custom:audio-decoder-ogg-vorbis: bf7c407c2cedff20999df2af8eb42d56 -> 
